<?xml version="1.0" encoding="UTF-8"?>
<!-- Generated by org.testng.reporters.JUnitXMLReporter -->
<testsuite hostname="DDasMac-LT-NY.local" name="Demo Module" tests="1" failures="1" timestamp="31 Mar 2018 05:57:23 GMT" time="0.126" errors="0">
  <testcase name="createNewAdvertiser" time="0.095" classname="com.mplatform.test.minsights.FirstDemoTest">
    <failure type="java.lang.NullPointerException">
      <![CDATA[java.lang.NullPointerException
	at java.io.Reader.<init>(Reader.java:78)
	at java.io.BufferedReader.<init>(BufferedReader.java:101)
	at java.io.BufferedReader.<init>(BufferedReader.java:116)
	at com.mplatform.framework.base.Helper.readFile(Helper.java:22)
	at com.mplatform.framework.base.Helper.buildMinsightsCredetentails(Helper.java:74)
	at com.mplatform.framework.data.minsights.MI_DataVO.<init>(MI_DataVO.java:32)
	at com.mplatform.framework.controller.MI_ApplicationController.NewLogin(MI_ApplicationController.java:24)
	at com.mplatform.test.minsights.FirstDemoTest.createNewAdvertiser(FirstDemoTest.java:20)
... Removed 27 stack frames]]>
    </failure>
  </testcase> <!-- createNewAdvertiser -->
</testsuite> <!-- Demo Module -->
