<?xml version="1.0" encoding="UTF-8"?>
<!-- Generated by org.testng.reporters.JUnitXMLReporter -->
<testsuite hostname="DDasMac-LT-NY.local" name="Demo Module" tests="1" failures="0" timestamp="1 Apr 2018 04:47:20 GMT" time="0.011" errors="0">
  <testcase name="@BeforeSuite LaunchBrowser" time="0.0" classname="com.mplatform.test.minsights.FirstDemoTest">
    <failure type="java.lang.NullPointerException">
      <![CDATA[java.lang.NullPointerException
	at com.mplatform.framework.base.ScriptBase.LaunchBrowser(ScriptBase.java:415)
... Removed 21 stack frames]]>
    </failure>
  </testcase> <!-- @BeforeSuite LaunchBrowser -->
  <testcase name="createNewAdvertiser" time="0.001" classname="com.mplatform.test.minsights.FirstDemoTest">
    <skipped/>
  </testcase> <!-- createNewAdvertiser -->
</testsuite> <!-- Demo Module -->
