<?xml version="1.0" encoding="UTF-8"?>
<testng-results skipped="0" failed="1" total="1" passed="0">
  <reporter-output>
  </reporter-output>
  <suite name="Smoke test runs" duration-ms="76" started-at="2018-04-01T02:08:57Z" finished-at="2018-04-01T02:08:58Z">
    <groups>
    </groups>
    <test name="Demo Module" duration-ms="76" started-at="2018-04-01T02:08:57Z" finished-at="2018-04-01T02:08:58Z">
      <class name="com.mplatform.test.minsights.FirstDemoTest">
        <test-method status="PASS" signature="LaunchBrowser(java.lang.String, java.lang.String, java.lang.String, java.lang.String, java.lang.Boolean)[pri:0, instance:com.mplatform.test.minsights.FirstDemoTest@1e397ed7]" name="LaunchBrowser" is-config="true" duration-ms="3432" started-at="2018-03-31T22:08:54Z" finished-at="2018-03-31T22:08:57Z">
          <params>
            <param index="0">
              <value>
                <![CDATA[chrome]]>
              </value>
            </param>
            <param index="1">
              <value>
                <![CDATA[]]>
              </value>
            </param>
            <param index="2">
              <value>
                <![CDATA[65.0]]>
              </value>
            </param>
            <param index="3">
              <value>
                <![CDATA[OS X 10.11]]>
              </value>
            </param>
            <param index="4">
              <value>
                <![CDATA[false]]>
              </value>
            </param>
          </params>
          <reporter-output>
          </reporter-output>
        </test-method> <!-- LaunchBrowser -->
        <test-method status="FAIL" signature="createNewAdvertiser()[pri:1, instance:com.mplatform.test.minsights.FirstDemoTest@1e397ed7]" name="createNewAdvertiser" duration-ms="58" started-at="2018-03-31T22:08:57Z" finished-at="2018-03-31T22:08:58Z">
          <exception class="java.lang.NullPointerException">
            <full-stacktrace>
              <![CDATA[java.lang.NullPointerException
	at java.io.Reader.<init>(Reader.java:78)
	at java.io.BufferedReader.<init>(BufferedReader.java:101)
	at java.io.BufferedReader.<init>(BufferedReader.java:116)
	at com.mplatform.framework.base.Helper.readFile(Helper.java:22)
	at com.mplatform.framework.base.Helper.buildMinsightsCredetentails(Helper.java:74)
	at com.mplatform.framework.data.minsights.MI_DataVO.<init>(MI_DataVO.java:32)
	at com.mplatform.framework.controller.MI_ApplicationController.NewLogin(MI_ApplicationController.java:24)
	at com.mplatform.test.minsights.FirstDemoTest.createNewAdvertiser(FirstDemoTest.java:20)
	at sun.reflect.NativeMethodAccessorImpl.invoke0(Native Method)
	at sun.reflect.NativeMethodAccessorImpl.invoke(NativeMethodAccessorImpl.java:62)
	at sun.reflect.DelegatingMethodAccessorImpl.invoke(DelegatingMethodAccessorImpl.java:43)
	at java.lang.reflect.Method.invoke(Method.java:498)
	at org.testng.internal.MethodInvocationHelper.invokeMethod(MethodInvocationHelper.java:86)
	at org.testng.internal.Invoker.invokeMethod(Invoker.java:643)
	at org.testng.internal.Invoker.invokeTestMethod(Invoker.java:820)
	at org.testng.internal.Invoker.invokeTestMethods(Invoker.java:1128)
	at org.testng.internal.TestMethodWorker.invokeTestMethods(TestMethodWorker.java:129)
	at org.testng.internal.TestMethodWorker.run(TestMethodWorker.java:112)
	at org.testng.TestRunner.privateRun(TestRunner.java:782)
	at org.testng.TestRunner.run(TestRunner.java:632)
	at org.testng.SuiteRunner.runTest(SuiteRunner.java:366)
	at org.testng.SuiteRunner.runSequentially(SuiteRunner.java:361)
	at org.testng.SuiteRunner.privateRun(SuiteRunner.java:319)
	at org.testng.SuiteRunner.run(SuiteRunner.java:268)
	at org.testng.SuiteRunnerWorker.runSuite(SuiteRunnerWorker.java:52)
	at org.testng.SuiteRunnerWorker.run(SuiteRunnerWorker.java:86)
	at org.testng.TestNG.runSuitesSequentially(TestNG.java:1244)
	at org.testng.TestNG.runSuitesLocally(TestNG.java:1169)
	at org.testng.TestNG.run(TestNG.java:1064)
	at org.apache.maven.surefire.testng.TestNGExecutor.run(TestNGExecutor.java:281)
	at org.apache.maven.surefire.testng.TestNGXmlTestSuite.execute(TestNGXmlTestSuite.java:75)
	at org.apache.maven.surefire.testng.TestNGProvider.invoke(TestNGProvider.java:121)
	at org.apache.maven.surefire.booter.ForkedBooter.invokeProviderInSameClassLoader(ForkedBooter.java:290)
	at org.apache.maven.surefire.booter.ForkedBooter.runSuitesInProcess(ForkedBooter.java:242)
	at org.apache.maven.surefire.booter.ForkedBooter.main(ForkedBooter.java:121)
]]>
            </full-stacktrace>
          </exception> <!-- java.lang.NullPointerException -->
          <reporter-output>
          </reporter-output>
        </test-method> <!-- createNewAdvertiser -->
        <test-method status="FAIL" signature="TearDownSuite(java.lang.String, java.lang.String)[pri:0, instance:com.mplatform.test.minsights.FirstDemoTest@1e397ed7]" name="TearDownSuite" is-config="true" duration-ms="0" started-at="2018-03-31T22:08:58Z" finished-at="2018-03-31T22:08:58Z">
          <params>
            <param index="0">
              <value>
                <![CDATA[N]]>
              </value>
            </param>
            <param index="1">
              <value>
                <![CDATA[MySelf]]>
              </value>
            </param>
          </params>
          <exception class="java.lang.NullPointerException">
            <full-stacktrace>
              <![CDATA[java.lang.NullPointerException
	at com.mplatform.framework.base.HTMLFunctions.f_HTML_FindTimeDifferences(HTMLFunctions.java:431)
	at com.mplatform.framework.base.HTMLFunctions.ModuleStatusUpdate(HTMLFunctions.java:365)
	at com.mplatform.framework.base.ScriptBase.TearDownSuite(ScriptBase.java:452)
	at sun.reflect.NativeMethodAccessorImpl.invoke0(Native Method)
	at sun.reflect.NativeMethodAccessorImpl.invoke(NativeMethodAccessorImpl.java:62)
	at sun.reflect.DelegatingMethodAccessorImpl.invoke(DelegatingMethodAccessorImpl.java:43)
	at java.lang.reflect.Method.invoke(Method.java:498)
	at org.testng.internal.MethodInvocationHelper.invokeMethod(MethodInvocationHelper.java:86)
	at org.testng.internal.Invoker.invokeConfigurationMethod(Invoker.java:514)
	at org.testng.internal.Invoker.invokeConfigurations(Invoker.java:215)
	at org.testng.internal.Invoker.invokeConfigurations(Invoker.java:142)
	at org.testng.SuiteRunner.privateRun(SuiteRunner.java:336)
	at org.testng.SuiteRunner.run(SuiteRunner.java:268)
	at org.testng.SuiteRunnerWorker.runSuite(SuiteRunnerWorker.java:52)
	at org.testng.SuiteRunnerWorker.run(SuiteRunnerWorker.java:86)
	at org.testng.TestNG.runSuitesSequentially(TestNG.java:1244)
	at org.testng.TestNG.runSuitesLocally(TestNG.java:1169)
	at org.testng.TestNG.run(TestNG.java:1064)
	at org.apache.maven.surefire.testng.TestNGExecutor.run(TestNGExecutor.java:281)
	at org.apache.maven.surefire.testng.TestNGXmlTestSuite.execute(TestNGXmlTestSuite.java:75)
	at org.apache.maven.surefire.testng.TestNGProvider.invoke(TestNGProvider.java:121)
	at org.apache.maven.surefire.booter.ForkedBooter.invokeProviderInSameClassLoader(ForkedBooter.java:290)
	at org.apache.maven.surefire.booter.ForkedBooter.runSuitesInProcess(ForkedBooter.java:242)
	at org.apache.maven.surefire.booter.ForkedBooter.main(ForkedBooter.java:121)
]]>
            </full-stacktrace>
          </exception> <!-- java.lang.NullPointerException -->
          <reporter-output>
          </reporter-output>
        </test-method> <!-- TearDownSuite -->
      </class> <!-- com.mplatform.test.minsights.FirstDemoTest -->
    </test> <!-- Demo Module -->
  </suite> <!-- Smoke test runs -->
</testng-results>
