<?xml version="1.0" encoding="UTF-8"?>
<testng-results skipped="1" failed="0" total="1" passed="0">
  <reporter-output>
    <line>
      <![CDATA[Exception in browser initialization!!! : com.google.gson.GsonBuilder.setLenient()Lcom/google/gson/GsonBuilder;]]>
    </line>
  </reporter-output>
  <suite name="Smoke test runs" duration-ms="11" started-at="2018-04-01T04:47:20Z" finished-at="2018-04-01T04:47:20Z">
    <groups>
    </groups>
    <test name="Demo Module" duration-ms="11" started-at="2018-04-01T04:47:20Z" finished-at="2018-04-01T04:47:20Z">
      <class name="com.mplatform.test.minsights.FirstDemoTest">
        <test-method status="FAIL" signature="LaunchBrowser(java.lang.String, java.lang.String, java.lang.String, java.lang.String, java.lang.Boolean)[pri:0, instance:com.mplatform.test.minsights.FirstDemoTest@5cb9f472]" name="LaunchBrowser" is-config="true" duration-ms="0" started-at="2018-04-01T00:47:19Z" finished-at="2018-04-01T00:47:19Z">
          <params>
            <param index="0">
              <value>
                <![CDATA[firefox]]>
              </value>
            </param>
            <param index="1">
              <value>
                <![CDATA[]]>
              </value>
            </param>
            <param index="2">
              <value>
                <![CDATA[65.0]]>
              </value>
            </param>
            <param index="3">
              <value>
                <![CDATA[OS X 10.11]]>
              </value>
            </param>
            <param index="4">
              <value>
                <![CDATA[false]]>
              </value>
            </param>
          </params>
          <exception class="java.lang.NullPointerException">
            <full-stacktrace>
              <![CDATA[java.lang.NullPointerException
	at com.mplatform.framework.base.ScriptBase.LaunchBrowser(ScriptBase.java:415)
	at sun.reflect.NativeMethodAccessorImpl.invoke0(Native Method)
	at sun.reflect.NativeMethodAccessorImpl.invoke(NativeMethodAccessorImpl.java:62)
	at sun.reflect.DelegatingMethodAccessorImpl.invoke(DelegatingMethodAccessorImpl.java:43)
	at java.lang.reflect.Method.invoke(Method.java:498)
	at org.testng.internal.MethodInvocationHelper.invokeMethod(MethodInvocationHelper.java:86)
	at org.testng.internal.Invoker.invokeConfigurationMethod(Invoker.java:514)
	at org.testng.internal.Invoker.invokeConfigurations(Invoker.java:215)
	at org.testng.internal.Invoker.invokeConfigurations(Invoker.java:142)
	at org.testng.SuiteRunner.privateRun(SuiteRunner.java:305)
	at org.testng.SuiteRunner.run(SuiteRunner.java:268)
	at org.testng.SuiteRunnerWorker.runSuite(SuiteRunnerWorker.java:52)
	at org.testng.SuiteRunnerWorker.run(SuiteRunnerWorker.java:86)
	at org.testng.TestNG.runSuitesSequentially(TestNG.java:1244)
	at org.testng.TestNG.runSuitesLocally(TestNG.java:1169)
	at org.testng.TestNG.run(TestNG.java:1064)
	at org.apache.maven.surefire.testng.TestNGExecutor.run(TestNGExecutor.java:281)
	at org.apache.maven.surefire.testng.TestNGXmlTestSuite.execute(TestNGXmlTestSuite.java:75)
	at org.apache.maven.surefire.testng.TestNGProvider.invoke(TestNGProvider.java:121)
	at org.apache.maven.surefire.booter.ForkedBooter.invokeProviderInSameClassLoader(ForkedBooter.java:290)
	at org.apache.maven.surefire.booter.ForkedBooter.runSuitesInProcess(ForkedBooter.java:242)
	at org.apache.maven.surefire.booter.ForkedBooter.main(ForkedBooter.java:121)
]]>
            </full-stacktrace>
          </exception> <!-- java.lang.NullPointerException -->
          <reporter-output>
            <line>
              <![CDATA[Exception in browser initialization!!! : com.google.gson.GsonBuilder.setLenient()Lcom/google/gson/GsonBuilder;]]>
            </line>
          </reporter-output>
        </test-method> <!-- LaunchBrowser -->
        <test-method status="SKIP" signature="createNewAdvertiser()[pri:1, instance:com.mplatform.test.minsights.FirstDemoTest@5cb9f472]" name="createNewAdvertiser" duration-ms="1" started-at="2018-04-01T00:47:20Z" finished-at="2018-04-01T00:47:20Z">
          <reporter-output>
          </reporter-output>
        </test-method> <!-- createNewAdvertiser -->
        <test-method status="SKIP" signature="TearDownSuite(java.lang.String, java.lang.String)[pri:0, instance:com.mplatform.test.minsights.FirstDemoTest@5cb9f472]" name="TearDownSuite" is-config="true" duration-ms="0" started-at="2018-04-01T00:47:20Z" finished-at="2018-04-01T00:47:20Z">
          <reporter-output>
          </reporter-output>
        </test-method> <!-- TearDownSuite -->
      </class> <!-- com.mplatform.test.minsights.FirstDemoTest -->
    </test> <!-- Demo Module -->
  </suite> <!-- Smoke test runs -->
</testng-results>
