<?xml version="1.0" encoding="UTF-8"?>
<testsuite xmlns:xsi="http://www.w3.org/2001/XMLSchema-instance" xsi:schemaLocation="https://maven.apache.org/surefire/maven-surefire-plugin/xsd/surefire-test-report.xsd" name="TestSuite" time="8.326" tests="2" errors="0" skipped="0" failures="2">
  <properties>
[...]
</properties>
  <testcase name="createNewAdvertiser" classname="com.mplatform.test.minsights.FirstDemoTest" time="0.116">
    <failure type="java.lang.NullPointerException">java.lang.NullPointerException
	at com.mplatform.test.minsights.FirstDemoTest.createNewAdvertiser(FirstDemoTest.java:20)
</failure>
    <system-out><![CDATA[Directory is created!
Screenshots directory is created!
]]></system-out>
    <system-err><![CDATA[1522475837772	geckodriver	INFO	geckodriver 0.18.0
1522475837788	geckodriver	INFO	Listening on 127.0.0.1:4560
log4j:WARN No appenders could be found for logger (org.apache.http.client.protocol.RequestAddCookies).
log4j:WARN Please initialize the log4j system properly.
log4j:WARN See http://logging.apache.org/log4j/1.2/faq.html#noconfig for more info.
1522475838559	geckodriver::marionette	INFO	Starting browser /Applications/Firefox.app/Contents/MacOS/firefox-bin with args ["-marionette"]
1522475839223	addons.manager	DEBUG	Application has been upgraded
1522475839259	addons.manager	DEBUG	Loaded provider scope for resource://gre/modules/addons/XPIProvider.jsm: ["XPIProvider", "XPIInternal"]
1522475839267	addons.manager	DEBUG	Loaded provider scope for resource://gre/modules/LightweightThemeManager.jsm: ["LightweightThemeManager"]
1522475839325	addons.manager	DEBUG	Loaded provider scope for resource://gre/modules/addons/GMPProvider.jsm
1522475839334	addons.manager	DEBUG	Loaded provider scope for resource://gre/modules/addons/PluginProvider.jsm
1522475839336	addons.manager	DEBUG	Starting provider: XPIProvider
1522475839337	addons.xpi	DEBUG	startup
1522475839337	addons.xpi	INFO	SystemAddonInstallLocation directory is missing
1522475839337	addons.xpi	INFO	Removing all system add-on upgrades.
1522475839339	addons.xpi	DEBUG	checkForChanges
1522475839340	addons.xpi	DEBUG	Loaded add-on state: ${}
1522475839344	addons.xpi	INFO	Mapping aushelper@mozilla.org to /Applications/Firefox.app/Contents/Resources/browser/features/aushelper@mozilla.org.xpi
1522475839344	addons.xpi	INFO	Mapping formautofill@mozilla.org to /Applications/Firefox.app/Contents/Resources/browser/features/formautofill@mozilla.org.xpi
1522475839345	addons.xpi	INFO	Mapping firefox@getpocket.com to /Applications/Firefox.app/Contents/Resources/browser/features/firefox@getpocket.com.xpi
1522475839345	addons.xpi	INFO	Mapping screenshots@mozilla.org to /Applications/Firefox.app/Contents/Resources/browser/features/screenshots@mozilla.org.xpi
1522475839345	addons.xpi	INFO	Mapping activity-stream@mozilla.org to /Applications/Firefox.app/Contents/Resources/browser/features/activity-stream@mozilla.org.xpi
1522475839345	addons.xpi	INFO	Mapping shield-recipe-client@mozilla.org to /Applications/Firefox.app/Contents/Resources/browser/features/shield-recipe-client@mozilla.org.xpi
1522475839345	addons.xpi	INFO	Mapping webcompat@mozilla.org to /Applications/Firefox.app/Contents/Resources/browser/features/webcompat@mozilla.org.xpi
1522475839345	addons.xpi	INFO	Mapping e10srollout@mozilla.org to /Applications/Firefox.app/Contents/Resources/browser/features/e10srollout@mozilla.org.xpi
1522475839345	addons.xpi	INFO	Mapping onboarding@mozilla.org to /Applications/Firefox.app/Contents/Resources/browser/features/onboarding@mozilla.org.xpi
1522475839346	addons.xpi	INFO	Mapping followonsearch@mozilla.com to /Applications/Firefox.app/Contents/Resources/browser/features/followonsearch@mozilla.com.xpi
1522475839346	addons.xpi	DEBUG	New add-on aushelper@mozilla.org in app-system-defaults
1522475839348	addons.xpi	INFO	Mapping aushelper@mozilla.org to /Applications/Firefox.app/Contents/Resources/browser/features/aushelper@mozilla.org.xpi
1522475839349	addons.xpi	DEBUG	New add-on formautofill@mozilla.org in app-system-defaults
1522475839350	addons.xpi	INFO	Mapping formautofill@mozilla.org to /Applications/Firefox.app/Contents/Resources/browser/features/formautofill@mozilla.org.xpi
1522475839351	addons.xpi	DEBUG	New add-on firefox@getpocket.com in app-system-defaults
1522475839351	addons.xpi	INFO	Mapping firefox@getpocket.com to /Applications/Firefox.app/Contents/Resources/browser/features/firefox@getpocket.com.xpi
1522475839351	addons.xpi	DEBUG	New add-on screenshots@mozilla.org in app-system-defaults
1522475839352	addons.xpi	INFO	Mapping screenshots@mozilla.org to /Applications/Firefox.app/Contents/Resources/browser/features/screenshots@mozilla.org.xpi
1522475839352	addons.xpi	DEBUG	New add-on activity-stream@mozilla.org in app-system-defaults
1522475839353	addons.xpi	INFO	Mapping activity-stream@mozilla.org to /Applications/Firefox.app/Contents/Resources/browser/features/activity-stream@mozilla.org.xpi
1522475839353	addons.xpi	DEBUG	New add-on shield-recipe-client@mozilla.org in app-system-defaults
1522475839353	addons.xpi	INFO	Mapping shield-recipe-client@mozilla.org to /Applications/Firefox.app/Contents/Resources/browser/features/shield-recipe-client@mozilla.org.xpi
1522475839353	addons.xpi	DEBUG	New add-on webcompat@mozilla.org in app-system-defaults
1522475839354	addons.xpi	INFO	Mapping webcompat@mozilla.org to /Applications/Firefox.app/Contents/Resources/browser/features/webcompat@mozilla.org.xpi
1522475839354	addons.xpi	DEBUG	New add-on e10srollout@mozilla.org in app-system-defaults
1522475839358	addons.xpi	INFO	Mapping e10srollout@mozilla.org to /Applications/Firefox.app/Contents/Resources/browser/features/e10srollout@mozilla.org.xpi
1522475839358	addons.xpi	DEBUG	New add-on onboarding@mozilla.org in app-system-defaults
1522475839358	addons.xpi	INFO	Mapping onboarding@mozilla.org to /Applications/Firefox.app/Contents/Resources/browser/features/onboarding@mozilla.org.xpi
1522475839359	addons.xpi	DEBUG	New add-on followonsearch@mozilla.com in app-system-defaults
1522475839359	addons.xpi	INFO	Mapping followonsearch@mozilla.com to /Applications/Firefox.app/Contents/Resources/browser/features/followonsearch@mozilla.com.xpi
1522475839362	addons.xpi	INFO	Mapping {972ce4c6-7e08-4474-a285-3208198ce6fd} to /Applications/Firefox.app/Contents/Resources/browser/extensions/{972ce4c6-7e08-4474-a285-3208198ce6fd}.xpi
1522475839362	addons.xpi	DEBUG	New add-on {972ce4c6-7e08-4474-a285-3208198ce6fd} in app-global
1522475839363	addons.xpi	INFO	Mapping {972ce4c6-7e08-4474-a285-3208198ce6fd} to /Applications/Firefox.app/Contents/Resources/browser/extensions/{972ce4c6-7e08-4474-a285-3208198ce6fd}.xpi
1522475839363	addons.xpi	DEBUG	getInstallState changed: true, state: {}
1522475839364	addons.xpi	INFO	SystemAddonInstallLocation directory is missing
1522475839381	addons.xpi-utils	DEBUG	Opening XPI database /var/folders/s_/68hhqs6d4zg8sp7hkg0rkbns58s222/T/rust_mozprofile.2oahhGW7qW2D/extensions.json
1522475839383	addons.xpi-utils	DEBUG	New add-on aushelper@mozilla.org installed in app-system-defaults
*** Blocklist::_loadBlocklistFromFile: blocklist is disabled
1522475839463	DeferredSave.extensions.json	DEBUG	Save changes
1522475839466	addons.xpi-utils	DEBUG	New add-on formautofill@mozilla.org installed in app-system-defaults
1522475839472	DeferredSave.extensions.json	DEBUG	Starting timer
1522475839478	DeferredSave.extensions.json	DEBUG	Save changes
1522475839479	addons.xpi-utils	DEBUG	New add-on firefox@getpocket.com installed in app-system-defaults
1522475839507	DeferredSave.extensions.json	DEBUG	Save changes
1522475839508	addons.xpi-utils	DEBUG	New add-on screenshots@mozilla.org installed in app-system-defaults
1522475839522	DeferredSave.extensions.json	DEBUG	Save changes
1522475839524	addons.xpi-utils	DEBUG	New add-on activity-stream@mozilla.org installed in app-system-defaults
1522475839532	DeferredSave.extensions.json	DEBUG	Save changes
1522475839532	addons.xpi-utils	DEBUG	New add-on shield-recipe-client@mozilla.org installed in app-system-defaults
1522475839543	DeferredSave.extensions.json	DEBUG	Save changes
1522475839543	addons.xpi-utils	DEBUG	New add-on webcompat@mozilla.org installed in app-system-defaults
1522475839549	DeferredSave.extensions.json	DEBUG	Save changes
1522475839550	addons.xpi-utils	DEBUG	New add-on e10srollout@mozilla.org installed in app-system-defaults
1522475839554	DeferredSave.extensions.json	DEBUG	Save changes
1522475839555	addons.xpi-utils	DEBUG	New add-on onboarding@mozilla.org installed in app-system-defaults
1522475839578	DeferredSave.extensions.json	DEBUG	Save changes
1522475839578	addons.xpi-utils	DEBUG	New add-on followonsearch@mozilla.com installed in app-system-defaults
1522475839584	DeferredSave.extensions.json	DEBUG	Save changes
1522475839585	addons.xpi-utils	DEBUG	New add-on {972ce4c6-7e08-4474-a285-3208198ce6fd} installed in app-global
1522475839594	DeferredSave.extensions.json	DEBUG	Save changes
1522475839595	addons.manager	DEBUG	Registering startup change 'installed' for aushelper@mozilla.org
1522475839614	addons.xpi	DEBUG	Loading bootstrap scope from /Applications/Firefox.app/Contents/Resources/browser/features/aushelper@mozilla.org.xpi
1522475839619	addons.xpi	DEBUG	Calling bootstrap method install on aushelper@mozilla.org version 2.0
1522475839620	addons.xpi-utils	DEBUG	Make addon app-system-defaults:aushelper@mozilla.org visible
1522475839621	addons.xpi	DEBUG	Updating XPIState for {"id":"aushelper@mozilla.org","syncGUID":"{4a57767a-80fc-1443-a25b-ce13597e1b38}","location":"app-system-defaults","version":"2.0","type":"extension","internalName":null,"updateURL":null,"updateKey":null,"optionsURL":null,"optionsType":null,"aboutURL":null,"defaultLocale":{"name":"Application Update Service Helper","description":"Sets value(s) in the update url based on custom checks.","creator":null,"homepageURL":null},"visible":true,"active":false,"userDisabled":false,"appDisabled":false,"installDate":1515174581000,"updateDate":1515174581000,"applyBackgroundUpdates":1,"bootstrap":true,"path":"/Applications/Firefox.app/Contents/Resources/browser/features/aushelper@mozilla.org.xpi","skinnable":false,"size":8488,"sourceURI":null,"releaseNotesURI":null,"softDisabled":false,"foreignInstall":false,"hasBinaryComponents":false,"strictCompatibility":false,"locales":[],"targetApplications":[{"id":"{ec8030f7-c20a-464f-9b0e-13a3a9e97384}","minVersion":"57.0.4","maxVersion":"57.*"}],"targetPlatforms":[],"multiprocessCompatible":true,"seen":true,"dependencies":[],"hasEmbeddedWebExtension":false,"mpcOptedOut":false,"userPermissions":null,"icons":{},"iconURL":null,"icon64URL":null,"blocklistState":0,"blocklistURL":null}
1522475839628	DeferredSave.extensions.json	DEBUG	Save changes
1522475839628	addons.manager	DEBUG	Registering startup change 'installed' for formautofill@mozilla.org
1522475839630	addons.xpi	DEBUG	Loading bootstrap scope from /Applications/Firefox.app/Contents/Resources/browser/features/formautofill@mozilla.org.xpi
1522475839635	addons.xpi	DEBUG	Calling bootstrap method install on formautofill@mozilla.org version 1.0
1522475839635	addons.xpi-utils	DEBUG	Make addon app-system-defaults:formautofill@mozilla.org visible
1522475839636	addons.xpi	DEBUG	Updating XPIState for {"id":"formautofill@mozilla.org","syncGUID":"{232caee8-f8f7-1741-a8ce-1bd94043746d}","location":"app-system-defaults","version":"1.0","type":"extension","internalName":null,"updateURL":null,"updateKey":null,"optionsURL":null,"optionsType":null,"aboutURL":null,"defaultLocale":{"name":"Form Autofill","description":"Autofill forms with saved profiles","creator":null,"homepageURL":null},"visible":true,"active":false,"userDisabled":false,"appDisabled":false,"installDate":1515174581000,"updateDate":1515174581000,"applyBackgroundUpdates":1,"bootstrap":true,"path":"/Applications/Firefox.app/Contents/Resources/browser/features/formautofill@mozilla.org.xpi","skinnable":false,"size":380181,"sourceURI":null,"releaseNotesURI":null,"softDisabled":false,"foreignInstall":false,"hasBinaryComponents":false,"strictCompatibility":false,"locales":[],"targetApplications":[{"id":"{ec8030f7-c20a-464f-9b0e-13a3a9e97384}","minVersion":"57.0.4","maxVersion":"57.*"}],"targetPlatforms":[],"multiprocessCompatible":true,"seen":true,"dependencies":[],"hasEmbeddedWebExtension":false,"mpcOptedOut":false,"userPermissions":null,"icons":{},"iconURL":null,"icon64URL":null,"blocklistState":0,"blocklistURL":null}
1522475839637	DeferredSave.extensions.json	DEBUG	Save changes
1522475839637	addons.manager	DEBUG	Registering startup change 'installed' for firefox@getpocket.com
1522475839639	addons.xpi	DEBUG	Loading bootstrap scope from /Applications/Firefox.app/Contents/Resources/browser/features/firefox@getpocket.com.xpi
1522475839653	addons.xpi	DEBUG	Calling bootstrap method install on firefox@getpocket.com version 1.0.5
1522475839653	addons.xpi-utils	DEBUG	Make addon app-system-defaults:firefox@getpocket.com visible
1522475839655	addons.xpi	DEBUG	Updating XPIState for {"id":"firefox@getpocket.com","syncGUID":"{ec629eb0-d95a-164e-a174-5076ba116058}","location":"app-system-defaults","version":"1.0.5","type":"extension","internalName":null,"updateURL":null,"updateKey":null,"optionsURL":null,"optionsType":null,"aboutURL":null,"defaultLocale":{"name":"Pocket","description":"When you find something you want to view later, put it in Pocket.","creator":null,"homepageURL":null},"visible":true,"active":false,"userDisabled":false,"appDisabled":false,"installDate":1515174581000,"updateDate":1515174581000,"applyBackgroundUpdates":1,"bootstrap":true,"path":"/Applications/Firefox.app/Contents/Resources/browser/features/firefox@getpocket.com.xpi","skinnable":false,"size":914323,"sourceURI":null,"releaseNotesURI":null,"softDisabled":false,"foreignInstall":false,"hasBinaryComponents":false,"strictCompatibility":false,"locales":[],"targetApplications":[{"id":"{ec8030f7-c20a-464f-9b0e-13a3a9e97384}","minVersion":"57.0.4","maxVersion":"57.*"}],"targetPlatforms":[],"multiprocessCompatible":true,"seen":true,"dependencies":[],"hasEmbeddedWebExtension":false,"mpcOptedOut":false,"userPermissions":null,"icons":{},"iconURL":null,"icon64URL":null,"blocklistState":0,"blocklistURL":null}
1522475839659	DeferredSave.extensions.json	DEBUG	Save changes
1522475839660	addons.manager	DEBUG	Registering startup change 'installed' for screenshots@mozilla.org
1522475839660	addons.xpi	DEBUG	Loading bootstrap scope from /Applications/Firefox.app/Contents/Resources/browser/features/screenshots@mozilla.org.xpi
1522475839663	addons.xpi	DEBUG	Calling bootstrap method install on screenshots@mozilla.org version 19.2.0
1522475839664	addons.xpi-utils	DEBUG	Make addon app-system-defaults:screenshots@mozilla.org visible
1522475839665	addons.xpi	DEBUG	Updating XPIState for {"id":"screenshots@mozilla.org","syncGUID":"{c3bd54bc-d695-6b45-834d-db6ac43e49fd}","location":"app-system-defaults","version":"19.2.0","type":"extension","internalName":null,"updateURL":null,"updateKey":null,"optionsURL":null,"optionsType":null,"aboutURL":null,"defaultLocale":{"name":"Firefox Screenshots","description":null,"creator":null,"homepageURL":"https://screenshots.firefox.com/"},"visible":true,"active":false,"userDisabled":false,"appDisabled":false,"installDate":1515093499000,"updateDate":1515093499000,"applyBackgroundUpdates":1,"bootstrap":true,"path":"/Applications/Firefox.app/Contents/Resources/browser/features/screenshots@mozilla.org.xpi","skinnable":false,"size":884473,"sourceURI":null,"releaseNotesURI":null,"softDisabled":false,"foreignInstall":false,"hasBinaryComponents":false,"strictCompatibility":false,"locales":[],"targetApplications":[{"id":"{ec8030f7-c20a-464f-9b0e-13a3a9e97384}","minVersion":"57.0a1","maxVersion":"*"}],"targetPlatforms":[],"multiprocessCompatible":true,"seen":true,"dependencies":[],"hasEmbeddedWebExtension":false,"mpcOptedOut":false,"userPermissions":null,"icons":{},"iconURL":null,"icon64URL":null,"blocklistState":0,"blocklistURL":null}
1522475839669	DeferredSave.extensions.json	DEBUG	Save changes
1522475839669	addons.manager	DEBUG	Registering startup change 'installed' for activity-stream@mozilla.org
1522475839670	addons.xpi	DEBUG	Loading bootstrap scope from /Applications/Firefox.app/Contents/Resources/browser/features/activity-stream@mozilla.org.xpi
1522475839673	addons.xpi	DEBUG	Calling bootstrap method install on activity-stream@mozilla.org version 2017.11.07.1100-7f4e3634
1522475839673	addons.xpi-utils	DEBUG	Make addon app-system-defaults:activity-stream@mozilla.org visible
1522475839673	addons.xpi	DEBUG	Updating XPIState for {"id":"activity-stream@mozilla.org","syncGUID":"{6bf548d2-dee0-ce4c-8866-e4de90dc03d8}","location":"app-system-defaults","version":"2017.11.07.1100-7f4e3634","type":"extension","internalName":null,"updateURL":null,"updateKey":null,"optionsURL":null,"optionsType":null,"aboutURL":null,"defaultLocale":{"name":"Activity Stream","description":"A rich visual history feed and a reimagined home page make it easier than ever to find exactly what you're looking for in Firefox.","creator":null,"homepageURL":null},"visible":true,"active":false,"userDisabled":false,"appDisabled":false,"installDate":1515174581000,"updateDate":1515174581000,"applyBackgroundUpdates":1,"bootstrap":true,"path":"/Applications/Firefox.app/Contents/Resources/browser/features/activity-stream@mozilla.org.xpi","skinnable":false,"size":1423182,"sourceURI":null,"releaseNotesURI":null,"softDisabled":false,"foreignInstall":false,"hasBinaryComponents":false,"strictCompatibility":false,"locales":[],"targetApplications":[{"id":"{ec8030f7-c20a-464f-9b0e-13a3a9e97384}","minVersion":"57.0.4","maxVersion":"57.*"}],"targetPlatforms":[],"multiprocessCompatible":true,"seen":true,"dependencies":[],"hasEmbeddedWebExtension":false,"mpcOptedOut":false,"userPermissions":null,"icons":{},"iconURL":null,"icon64URL":null,"blocklistState":0,"blocklistURL":null}
1522475839675	DeferredSave.extensions.json	DEBUG	Save changes
1522475839675	addons.manager	DEBUG	Registering startup change 'installed' for shield-recipe-client@mozilla.org
1522475839676	addons.xpi	DEBUG	Loading bootstrap scope from /Applications/Firefox.app/Contents/Resources/browser/features/shield-recipe-client@mozilla.org.xpi
1522475839684	addons.xpi	DEBUG	Calling bootstrap method install on shield-recipe-client@mozilla.org version 76.1
1522475839685	addons.xpi-utils	DEBUG	Make addon app-system-defaults:shield-recipe-client@mozilla.org visible
1522475839685	addons.xpi	DEBUG	Updating XPIState for {"id":"shield-recipe-client@mozilla.org","syncGUID":"{ca6cfbbd-ce62-f541-a417-dba316c212de}","location":"app-system-defaults","version":"76.1","type":"extension","internalName":null,"updateURL":null,"updateKey":null,"optionsURL":null,"optionsType":null,"aboutURL":null,"defaultLocale":{"name":"Shield Recipe Client","description":"Client to download and run recipes for SHIELD, Heartbeat, etc.","creator":null,"homepageURL":null},"visible":true,"active":false,"userDisabled":false,"appDisabled":false,"installDate":1515174581000,"updateDate":1515174581000,"applyBackgroundUpdates":1,"bootstrap":true,"path":"/Applications/Firefox.app/Contents/Resources/browser/features/shield-recipe-client@mozilla.org.xpi","skinnable":false,"size":364002,"sourceURI":null,"releaseNotesURI":null,"softDisabled":false,"foreignInstall":false,"hasBinaryComponents":false,"strictCompatibility":false,"locales":[],"targetApplications":[{"id":"{ec8030f7-c20a-464f-9b0e-13a3a9e97384}","minVersion":"57.0.4","maxVersion":"57.*"}],"targetPlatforms":[],"multiprocessCompatible":true,"seen":true,"dependencies":[],"hasEmbeddedWebExtension":false,"mpcOptedOut":false,"userPermissions":null,"icons":{},"iconURL":null,"icon64URL":null,"blocklistState":0,"blocklistURL":null}
1522475839686	DeferredSave.extensions.json	DEBUG	Save changes
1522475839686	addons.manager	DEBUG	Registering startup change 'installed' for webcompat@mozilla.org
1522475839687	addons.xpi	DEBUG	Loading bootstrap scope from /Applications/Firefox.app/Contents/Resources/browser/features/webcompat@mozilla.org.xpi
1522475839689	addons.xpi	DEBUG	Calling bootstrap method install on webcompat@mozilla.org version 1.1
1522475839689	addons.xpi-utils	DEBUG	Make addon app-system-defaults:webcompat@mozilla.org visible
1522475839689	addons.xpi	DEBUG	Updating XPIState for {"id":"webcompat@mozilla.org","syncGUID":"{a82a4d7b-ea95-2241-b7d8-b70888fcdd74}","location":"app-system-defaults","version":"1.1","type":"extension","internalName":null,"updateURL":null,"updateKey":null,"optionsURL":null,"optionsType":null,"aboutURL":null,"defaultLocale":{"name":"Web Compat","description":"Urgent post-release fixes for web compatibility.","creator":null,"homepageURL":null},"visible":true,"active":false,"userDisabled":false,"appDisabled":false,"installDate":1515174580000,"updateDate":1515174580000,"applyBackgroundUpdates":1,"bootstrap":true,"path":"/Applications/Firefox.app/Contents/Resources/browser/features/webcompat@mozilla.org.xpi","skinnable":false,"size":9268,"sourceURI":null,"releaseNotesURI":null,"softDisabled":false,"foreignInstall":false,"hasBinaryComponents":false,"strictCompatibility":false,"locales":[],"targetApplications":[{"id":"{ec8030f7-c20a-464f-9b0e-13a3a9e97384}","minVersion":"57.0.4","maxVersion":"57.*"}],"targetPlatforms":[],"multiprocessCompatible":true,"seen":true,"dependencies":[],"hasEmbeddedWebExtension":false,"mpcOptedOut":false,"userPermissions":null,"icons":{},"iconURL":null,"icon64URL":null,"blocklistState":0,"blocklistURL":null}
1522475839690	DeferredSave.extensions.json	DEBUG	Save changes
1522475839690	addons.manager	DEBUG	Registering startup change 'installed' for e10srollout@mozilla.org
1522475839692	addons.xpi	DEBUG	Loading bootstrap scope from /Applications/Firefox.app/Contents/Resources/browser/features/e10srollout@mozilla.org.xpi
1522475839724	addons.xpi	DEBUG	Calling bootstrap method install on e10srollout@mozilla.org version 3.05
1522475839727	addons.xpi-utils	DEBUG	Make addon app-system-defaults:e10srollout@mozilla.org visible
1522475839727	addons.xpi	DEBUG	Updating XPIState for {"id":"e10srollout@mozilla.org","syncGUID":"{f47e045c-770e-1343-a090-e729ac207185}","location":"app-system-defaults","version":"3.05","type":"extension","internalName":null,"updateURL":null,"updateKey":null,"optionsURL":null,"optionsType":null,"aboutURL":null,"defaultLocale":{"name":"Multi-process staged rollout","description":"Staged rollout of Firefox multi-process feature.","creator":null,"homepageURL":null},"visible":true,"active":false,"userDisabled":false,"appDisabled":false,"installDate":1515174581000,"updateDate":1515174581000,"applyBackgroundUpdates":1,"bootstrap":true,"path":"/Applications/Firefox.app/Contents/Resources/browser/features/e10srollout@mozilla.org.xpi","skinnable":false,"size":13479,"sourceURI":null,"releaseNotesURI":null,"softDisabled":false,"foreignInstall":false,"hasBinaryComponents":false,"strictCompatibility":false,"locales":[],"targetApplications":[{"id":"{ec8030f7-c20a-464f-9b0e-13a3a9e97384}","minVersion":"57.0.4","maxVersion":"57.*"}],"targetPlatforms":[],"multiprocessCompatible":true,"seen":true,"dependencies":[],"hasEmbeddedWebExtension":false,"mpcOptedOut":false,"userPermissions":null,"icons":{},"iconURL":null,"icon64URL":null,"blocklistState":0,"blocklistURL":null}
1522475839728	DeferredSave.extensions.json	DEBUG	Save changes
1522475839728	addons.manager	DEBUG	Registering startup change 'installed' for onboarding@mozilla.org
1522475839728	addons.xpi	DEBUG	Loading bootstrap scope from /Applications/Firefox.app/Contents/Resources/browser/features/onboarding@mozilla.org.xpi
1522475839735	addons.xpi	DEBUG	Calling bootstrap method install on onboarding@mozilla.org version 1.0
1522475839735	addons.xpi-utils	DEBUG	Make addon app-system-defaults:onboarding@mozilla.org visible
1522475839735	addons.xpi	DEBUG	Updating XPIState for {"id":"onboarding@mozilla.org","syncGUID":"{073cf0ef-dd06-6248-9b17-0863ccd3b24f}","location":"app-system-defaults","version":"1.0","type":"extension","internalName":null,"updateURL":null,"updateKey":null,"optionsURL":null,"optionsType":null,"aboutURL":null,"defaultLocale":{"name":"Photon onboarding","description":"Photon onboarding","creator":null,"homepageURL":null},"visible":true,"active":false,"userDisabled":false,"appDisabled":false,"installDate":1515174581000,"updateDate":1515174581000,"applyBackgroundUpdates":1,"bootstrap":true,"path":"/Applications/Firefox.app/Contents/Resources/browser/features/onboarding@mozilla.org.xpi","skinnable":false,"size":550106,"sourceURI":null,"releaseNotesURI":null,"softDisabled":false,"foreignInstall":false,"hasBinaryComponents":false,"strictCompatibility":false,"locales":[],"targetApplications":[{"id":"{ec8030f7-c20a-464f-9b0e-13a3a9e97384}","minVersion":"57.0.4","maxVersion":"57.*"}],"targetPlatforms":[],"multiprocessCompatible":true,"seen":true,"dependencies":[],"hasEmbeddedWebExtension":false,"mpcOptedOut":false,"userPermissions":null,"icons":{},"iconURL":null,"icon64URL":null,"blocklistState":0,"blocklistURL":null}
1522475839736	DeferredSave.extensions.json	DEBUG	Save changes
1522475839736	addons.manager	DEBUG	Registering startup change 'installed' for followonsearch@mozilla.com
1522475839740	addons.xpi	DEBUG	Loading bootstrap scope from /Applications/Firefox.app/Contents/Resources/browser/features/followonsearch@mozilla.com.xpi
1522475839743	addons.xpi	DEBUG	Calling bootstrap method install on followonsearch@mozilla.com version 0.9.6
1522475839743	addons.xpi-utils	DEBUG	Make addon app-system-defaults:followonsearch@mozilla.com visible
1522475839744	addons.xpi	DEBUG	Updating XPIState for {"id":"followonsearch@mozilla.com","syncGUID":"{61a00676-3b50-3742-96e3-67b373610b96}","location":"app-system-defaults","version":"0.9.6","type":"extension","internalName":null,"updateURL":null,"updateKey":null,"optionsURL":null,"optionsType":null,"aboutURL":null,"defaultLocale":{"name":"Follow-on Search Telemetry","description":null,"creator":null,"homepageURL":null},"visible":true,"active":false,"userDisabled":false,"appDisabled":false,"installDate":1515093499000,"updateDate":1515093499000,"applyBackgroundUpdates":1,"bootstrap":true,"path":"/Applications/Firefox.app/Contents/Resources/browser/features/followonsearch@mozilla.com.xpi","skinnable":false,"size":18625,"sourceURI":null,"releaseNotesURI":null,"softDisabled":false,"foreignInstall":false,"hasBinaryComponents":false,"strictCompatibility":false,"locales":[],"targetApplications":[{"id":"{ec8030f7-c20a-464f-9b0e-13a3a9e97384}","minVersion":"52.0","maxVersion":"59.*"}],"targetPlatforms":[],"multiprocessCompatible":true,"seen":true,"dependencies":[],"hasEmbeddedWebExtension":false,"mpcOptedOut":false,"userPermissions":null,"icons":{},"iconURL":null,"icon64URL":null,"blocklistState":0,"blocklistURL":null}
1522475839745	DeferredSave.extensions.json	DEBUG	Save changes
1522475839747	addons.xpi-utils	DEBUG	Make addon app-global:{972ce4c6-7e08-4474-a285-3208198ce6fd} visible
1522475839749	addons.xpi	DEBUG	Updating XPIState for {"id":"{972ce4c6-7e08-4474-a285-3208198ce6fd}","syncGUID":"{4e48f00f-5554-9b45-9ce6-b717aaa1220c}","location":"app-global","version":"57.0.4","type":"theme","internalName":"classic/1.0","updateURL":null,"updateKey":null,"optionsURL":null,"optionsType":null,"optionsBrowserStyle":null,"aboutURL":null,"defaultLocale":{"name":"Default","description":"The default theme.","creator":"Mozilla","homepageURL":null,"contributors":["Mozilla Contributors"]},"visible":true,"active":false,"userDisabled":false,"appDisabled":false,"installDate":1515174581000,"updateDate":1515174581000,"applyBackgroundUpdates":1,"path":"/Applications/Firefox.app/Contents/Resources/browser/extensions/{972ce4c6-7e08-4474-a285-3208198ce6fd}.xpi","skinnable":true,"size":2703,"sourceURI":null,"releaseNotesURI":null,"softDisabled":false,"foreignInstall":false,"hasBinaryComponents":false,"strictCompatibility":true,"locales":[],"targetApplications":[{"id":"{ec8030f7-c20a-464f-9b0e-13a3a9e97384}","minVersion":"57.0.4","maxVersion":"57.0.4"}],"targetPlatforms":[],"seen":true,"dependencies":[],"hasEmbeddedWebExtension":false,"userPermissions":null,"icons":{},"iconURL":"chrome://browser/content/default-theme-icon.svg","icon64URL":null,"blocklistState":0,"blocklistURL":null}
1522475839750	DeferredSave.extensions.json	DEBUG	Save changes
1522475839751	addons.xpi	DEBUG	Updating XPIState for {"id":"aushelper@mozilla.org","syncGUID":"{4a57767a-80fc-1443-a25b-ce13597e1b38}","location":"app-system-defaults","version":"2.0","type":"extension","internalName":null,"updateURL":null,"updateKey":null,"optionsURL":null,"optionsType":null,"aboutURL":null,"defaultLocale":{"name":"Application Update Service Helper","description":"Sets value(s) in the update url based on custom checks.","creator":null,"homepageURL":null},"visible":true,"active":true,"userDisabled":false,"appDisabled":false,"installDate":1515174581000,"updateDate":1515174581000,"applyBackgroundUpdates":1,"bootstrap":true,"path":"/Applications/Firefox.app/Contents/Resources/browser/features/aushelper@mozilla.org.xpi","skinnable":false,"size":8488,"sourceURI":null,"releaseNotesURI":null,"softDisabled":false,"foreignInstall":false,"hasBinaryComponents":false,"strictCompatibility":false,"locales":[],"targetApplications":[{"id":"{ec8030f7-c20a-464f-9b0e-13a3a9e97384}","minVersion":"57.0.4","maxVersion":"57.*"}],"targetPlatforms":[],"multiprocessCompatible":true,"seen":true,"dependencies":[],"hasEmbeddedWebExtension":false,"mpcOptedOut":false,"userPermissions":null,"icons":{},"iconURL":null,"icon64URL":null,"blocklistState":0,"blocklistURL":null}
1522475839752	addons.xpi	DEBUG	Updating XPIState for {"id":"formautofill@mozilla.org","syncGUID":"{232caee8-f8f7-1741-a8ce-1bd94043746d}","location":"app-system-defaults","version":"1.0","type":"extension","internalName":null,"updateURL":null,"updateKey":null,"optionsURL":null,"optionsType":null,"aboutURL":null,"defaultLocale":{"name":"Form Autofill","description":"Autofill forms with saved profiles","creator":null,"homepageURL":null},"visible":true,"active":true,"userDisabled":false,"appDisabled":false,"installDate":1515174581000,"updateDate":1515174581000,"applyBackgroundUpdates":1,"bootstrap":true,"path":"/Applications/Firefox.app/Contents/Resources/browser/features/formautofill@mozilla.org.xpi","skinnable":false,"size":380181,"sourceURI":null,"releaseNotesURI":null,"softDisabled":false,"foreignInstall":false,"hasBinaryComponents":false,"strictCompatibility":false,"locales":[],"targetApplications":[{"id":"{ec8030f7-c20a-464f-9b0e-13a3a9e97384}","minVersion":"57.0.4","maxVersion":"57.*"}],"targetPlatforms":[],"multiprocessCompatible":true,"seen":true,"dependencies":[],"hasEmbeddedWebExtension":false,"mpcOptedOut":false,"userPermissions":null,"icons":{},"iconURL":null,"icon64URL":null,"blocklistState":0,"blocklistURL":null}
1522475839752	addons.xpi	DEBUG	Updating XPIState for {"id":"firefox@getpocket.com","syncGUID":"{ec629eb0-d95a-164e-a174-5076ba116058}","location":"app-system-defaults","version":"1.0.5","type":"extension","internalName":null,"updateURL":null,"updateKey":null,"optionsURL":null,"optionsType":null,"aboutURL":null,"defaultLocale":{"name":"Pocket","description":"When you find something you want to view later, put it in Pocket.","creator":null,"homepageURL":null},"visible":true,"active":true,"userDisabled":false,"appDisabled":false,"installDate":1515174581000,"updateDate":1515174581000,"applyBackgroundUpdates":1,"bootstrap":true,"path":"/Applications/Firefox.app/Contents/Resources/browser/features/firefox@getpocket.com.xpi","skinnable":false,"size":914323,"sourceURI":null,"releaseNotesURI":null,"softDisabled":false,"foreignInstall":false,"hasBinaryComponents":false,"strictCompatibility":false,"locales":[],"targetApplications":[{"id":"{ec8030f7-c20a-464f-9b0e-13a3a9e97384}","minVersion":"57.0.4","maxVersion":"57.*"}],"targetPlatforms":[],"multiprocessCompatible":true,"seen":true,"dependencies":[],"hasEmbeddedWebExtension":false,"mpcOptedOut":false,"userPermissions":null,"icons":{},"iconURL":null,"icon64URL":null,"blocklistState":0,"blocklistURL":null}
1522475839753	addons.xpi	DEBUG	Updating XPIState for {"id":"screenshots@mozilla.org","syncGUID":"{c3bd54bc-d695-6b45-834d-db6ac43e49fd}","location":"app-system-defaults","version":"19.2.0","type":"extension","internalName":null,"updateURL":null,"updateKey":null,"optionsURL":null,"optionsType":null,"aboutURL":null,"defaultLocale":{"name":"Firefox Screenshots","description":null,"creator":null,"homepageURL":"https://screenshots.firefox.com/"},"visible":true,"active":true,"userDisabled":false,"appDisabled":false,"installDate":1515093499000,"updateDate":1515093499000,"applyBackgroundUpdates":1,"bootstrap":true,"path":"/Applications/Firefox.app/Contents/Resources/browser/features/screenshots@mozilla.org.xpi","skinnable":false,"size":884473,"sourceURI":null,"releaseNotesURI":null,"softDisabled":false,"foreignInstall":false,"hasBinaryComponents":false,"strictCompatibility":false,"locales":[],"targetApplications":[{"id":"{ec8030f7-c20a-464f-9b0e-13a3a9e97384}","minVersion":"57.0a1","maxVersion":"*"}],"targetPlatforms":[],"multiprocessCompatible":true,"seen":true,"dependencies":[],"hasEmbeddedWebExtension":false,"mpcOptedOut":false,"userPermissions":null,"icons":{},"iconURL":null,"icon64URL":null,"blocklistState":0,"blocklistURL":null}
1522475839754	addons.xpi	DEBUG	Updating XPIState for {"id":"activity-stream@mozilla.org","syncGUID":"{6bf548d2-dee0-ce4c-8866-e4de90dc03d8}","location":"app-system-defaults","version":"2017.11.07.1100-7f4e3634","type":"extension","internalName":null,"updateURL":null,"updateKey":null,"optionsURL":null,"optionsType":null,"aboutURL":null,"defaultLocale":{"name":"Activity Stream","description":"A rich visual history feed and a reimagined home page make it easier than ever to find exactly what you're looking for in Firefox.","creator":null,"homepageURL":null},"visible":true,"active":true,"userDisabled":false,"appDisabled":false,"installDate":1515174581000,"updateDate":1515174581000,"applyBackgroundUpdates":1,"bootstrap":true,"path":"/Applications/Firefox.app/Contents/Resources/browser/features/activity-stream@mozilla.org.xpi","skinnable":false,"size":1423182,"sourceURI":null,"releaseNotesURI":null,"softDisabled":false,"foreignInstall":false,"hasBinaryComponents":false,"strictCompatibility":false,"locales":[],"targetApplications":[{"id":"{ec8030f7-c20a-464f-9b0e-13a3a9e97384}","minVersion":"57.0.4","maxVersion":"57.*"}],"targetPlatforms":[],"multiprocessCompatible":true,"seen":true,"dependencies":[],"hasEmbeddedWebExtension":false,"mpcOptedOut":false,"userPermissions":null,"icons":{},"iconURL":null,"icon64URL":null,"blocklistState":0,"blocklistURL":null}
1522475839755	addons.xpi	DEBUG	Updating XPIState for {"id":"shield-recipe-client@mozilla.org","syncGUID":"{ca6cfbbd-ce62-f541-a417-dba316c212de}","location":"app-system-defaults","version":"76.1","type":"extension","internalName":null,"updateURL":null,"updateKey":null,"optionsURL":null,"optionsType":null,"aboutURL":null,"defaultLocale":{"name":"Shield Recipe Client","description":"Client to download and run recipes for SHIELD, Heartbeat, etc.","creator":null,"homepageURL":null},"visible":true,"active":true,"userDisabled":false,"appDisabled":false,"installDate":1515174581000,"updateDate":1515174581000,"applyBackgroundUpdates":1,"bootstrap":true,"path":"/Applications/Firefox.app/Contents/Resources/browser/features/shield-recipe-client@mozilla.org.xpi","skinnable":false,"size":364002,"sourceURI":null,"releaseNotesURI":null,"softDisabled":false,"foreignInstall":false,"hasBinaryComponents":false,"strictCompatibility":false,"locales":[],"targetApplications":[{"id":"{ec8030f7-c20a-464f-9b0e-13a3a9e97384}","minVersion":"57.0.4","maxVersion":"57.*"}],"targetPlatforms":[],"multiprocessCompatible":true,"seen":true,"dependencies":[],"hasEmbeddedWebExtension":false,"mpcOptedOut":false,"userPermissions":null,"icons":{},"iconURL":null,"icon64URL":null,"blocklistState":0,"blocklistURL":null}
1522475839755	addons.xpi	DEBUG	Updating XPIState for {"id":"webcompat@mozilla.org","syncGUID":"{a82a4d7b-ea95-2241-b7d8-b70888fcdd74}","location":"app-system-defaults","version":"1.1","type":"extension","internalName":null,"updateURL":null,"updateKey":null,"optionsURL":null,"optionsType":null,"aboutURL":null,"defaultLocale":{"name":"Web Compat","description":"Urgent post-release fixes for web compatibility.","creator":null,"homepageURL":null},"visible":true,"active":true,"userDisabled":false,"appDisabled":false,"installDate":1515174580000,"updateDate":1515174580000,"applyBackgroundUpdates":1,"bootstrap":true,"path":"/Applications/Firefox.app/Contents/Resources/browser/features/webcompat@mozilla.org.xpi","skinnable":false,"size":9268,"sourceURI":null,"releaseNotesURI":null,"softDisabled":false,"foreignInstall":false,"hasBinaryComponents":false,"strictCompatibility":false,"locales":[],"targetApplications":[{"id":"{ec8030f7-c20a-464f-9b0e-13a3a9e97384}","minVersion":"57.0.4","maxVersion":"57.*"}],"targetPlatforms":[],"multiprocessCompatible":true,"seen":true,"dependencies":[],"hasEmbeddedWebExtension":false,"mpcOptedOut":false,"userPermissions":null,"icons":{},"iconURL":null,"icon64URL":null,"blocklistState":0,"blocklistURL":null}
1522475839755	addons.xpi	DEBUG	Updating XPIState for {"id":"e10srollout@mozilla.org","syncGUID":"{f47e045c-770e-1343-a090-e729ac207185}","location":"app-system-defaults","version":"3.05","type":"extension","internalName":null,"updateURL":null,"updateKey":null,"optionsURL":null,"optionsType":null,"aboutURL":null,"defaultLocale":{"name":"Multi-process staged rollout","description":"Staged rollout of Firefox multi-process feature.","creator":null,"homepageURL":null},"visible":true,"active":true,"userDisabled":false,"appDisabled":false,"installDate":1515174581000,"updateDate":1515174581000,"applyBackgroundUpdates":1,"bootstrap":true,"path":"/Applications/Firefox.app/Contents/Resources/browser/features/e10srollout@mozilla.org.xpi","skinnable":false,"size":13479,"sourceURI":null,"releaseNotesURI":null,"softDisabled":false,"foreignInstall":false,"hasBinaryComponents":false,"strictCompatibility":false,"locales":[],"targetApplications":[{"id":"{ec8030f7-c20a-464f-9b0e-13a3a9e97384}","minVersion":"57.0.4","maxVersion":"57.*"}],"targetPlatforms":[],"multiprocessCompatible":true,"seen":true,"dependencies":[],"hasEmbeddedWebExtension":false,"mpcOptedOut":false,"userPermissions":null,"icons":{},"iconURL":null,"icon64URL":null,"blocklistState":0,"blocklistURL":null}
1522475839755	addons.xpi	DEBUG	Updating XPIState for {"id":"onboarding@mozilla.org","syncGUID":"{073cf0ef-dd06-6248-9b17-0863ccd3b24f}","location":"app-system-defaults","version":"1.0","type":"extension","internalName":null,"updateURL":null,"updateKey":null,"optionsURL":null,"optionsType":null,"aboutURL":null,"defaultLocale":{"name":"Photon onboarding","description":"Photon onboarding","creator":null,"homepageURL":null},"visible":true,"active":true,"userDisabled":false,"appDisabled":false,"installDate":1515174581000,"updateDate":1515174581000,"applyBackgroundUpdates":1,"bootstrap":true,"path":"/Applications/Firefox.app/Contents/Resources/browser/features/onboarding@mozilla.org.xpi","skinnable":false,"size":550106,"sourceURI":null,"releaseNotesURI":null,"softDisabled":false,"foreignInstall":false,"hasBinaryComponents":false,"strictCompatibility":false,"locales":[],"targetApplications":[{"id":"{ec8030f7-c20a-464f-9b0e-13a3a9e97384}","minVersion":"57.0.4","maxVersion":"57.*"}],"targetPlatforms":[],"multiprocessCompatible":true,"seen":true,"dependencies":[],"hasEmbeddedWebExtension":false,"mpcOptedOut":false,"userPermissions":null,"icons":{},"iconURL":null,"icon64URL":null,"blocklistState":0,"blocklistURL":null}
1522475839755	addons.xpi	DEBUG	Updating XPIState for {"id":"followonsearch@mozilla.com","syncGUID":"{61a00676-3b50-3742-96e3-67b373610b96}","location":"app-system-defaults","version":"0.9.6","type":"extension","internalName":null,"updateURL":null,"updateKey":null,"optionsURL":null,"optionsType":null,"aboutURL":null,"defaultLocale":{"name":"Follow-on Search Telemetry","description":null,"creator":null,"homepageURL":null},"visible":true,"active":true,"userDisabled":false,"appDisabled":false,"installDate":1515093499000,"updateDate":1515093499000,"applyBackgroundUpdates":1,"bootstrap":true,"path":"/Applications/Firefox.app/Contents/Resources/browser/features/followonsearch@mozilla.com.xpi","skinnable":false,"size":18625,"sourceURI":null,"releaseNotesURI":null,"softDisabled":false,"foreignInstall":false,"hasBinaryComponents":false,"strictCompatibility":false,"locales":[],"targetApplications":[{"id":"{ec8030f7-c20a-464f-9b0e-13a3a9e97384}","minVersion":"52.0","maxVersion":"59.*"}],"targetPlatforms":[],"multiprocessCompatible":true,"seen":true,"dependencies":[],"hasEmbeddedWebExtension":false,"mpcOptedOut":false,"userPermissions":null,"icons":{},"iconURL":null,"icon64URL":null,"blocklistState":0,"blocklistURL":null}
1522475839755	addons.xpi	DEBUG	Updating XPIState for {"id":"{972ce4c6-7e08-4474-a285-3208198ce6fd}","syncGUID":"{4e48f00f-5554-9b45-9ce6-b717aaa1220c}","location":"app-global","version":"57.0.4","type":"theme","internalName":"classic/1.0","updateURL":null,"updateKey":null,"optionsURL":null,"optionsType":null,"optionsBrowserStyle":null,"aboutURL":null,"defaultLocale":{"name":"Default","description":"The default theme.","creator":"Mozilla","homepageURL":null,"contributors":["Mozilla Contributors"]},"visible":true,"active":true,"userDisabled":false,"appDisabled":false,"installDate":1515174581000,"updateDate":1515174581000,"applyBackgroundUpdates":1,"path":"/Applications/Firefox.app/Contents/Resources/browser/extensions/{972ce4c6-7e08-4474-a285-3208198ce6fd}.xpi","skinnable":true,"size":2703,"sourceURI":null,"releaseNotesURI":null,"softDisabled":false,"foreignInstall":false,"hasBinaryComponents":false,"strictCompatibility":true,"locales":[],"targetApplications":[{"id":"{ec8030f7-c20a-464f-9b0e-13a3a9e97384}","minVersion":"57.0.4","maxVersion":"57.0.4"}],"targetPlatforms":[],"seen":true,"dependencies":[],"hasEmbeddedWebExtension":false,"userPermissions":null,"icons":{},"iconURL":"chrome://browser/content/default-theme-icon.svg","icon64URL":null,"blocklistState":0,"blocklistURL":null}
1522475839756	DeferredSave.extensions.json	DEBUG	Save changes
1522475839756	addons.xpi	DEBUG	Updating database with changes to installed add-ons
1522475839756	addons.xpi-utils	DEBUG	Updating add-on states
1522475839769	addons.xpi	DEBUG	Registering manifest for /Applications/Firefox.app/Contents/Resources/browser/features/activity-stream@mozilla.org.xpi
1522475839770	addons.xpi	DEBUG	Calling bootstrap method startup on activity-stream@mozilla.org version 2017.11.07.1100-7f4e3634
1522475839771	addons.xpi	DEBUG	Registering manifest for /Applications/Firefox.app/Contents/Resources/browser/features/aushelper@mozilla.org.xpi
1522475839773	addons.xpi	DEBUG	Calling bootstrap method startup on aushelper@mozilla.org version 2.0
1522475839773	addons.xpi	DEBUG	Registering manifest for /Applications/Firefox.app/Contents/Resources/browser/features/e10srollout@mozilla.org.xpi
1522475839774	addons.xpi	DEBUG	Calling bootstrap method startup on e10srollout@mozilla.org version 3.05
1522475839774	addons.xpi	DEBUG	Registering manifest for /Applications/Firefox.app/Contents/Resources/browser/features/firefox@getpocket.com.xpi
1522475839775	addons.xpi	DEBUG	Calling bootstrap method startup on firefox@getpocket.com version 1.0.5
1522475839804	addons.xpi	DEBUG	Registering manifest for /Applications/Firefox.app/Contents/Resources/browser/features/followonsearch@mozilla.com.xpi
1522475839805	addons.xpi	DEBUG	Calling bootstrap method startup on followonsearch@mozilla.com version 0.9.6
1522475839807	addons.xpi	DEBUG	Registering manifest for /Applications/Firefox.app/Contents/Resources/browser/features/formautofill@mozilla.org.xpi
1522475839852	addons.xpi	DEBUG	Calling bootstrap method startup on formautofill@mozilla.org version 1.0
1522475839857	addons.xpi	DEBUG	Registering manifest for /Applications/Firefox.app/Contents/Resources/browser/features/onboarding@mozilla.org.xpi
1522475839861	addons.xpi	DEBUG	Calling bootstrap method startup on onboarding@mozilla.org version 1.0
1522475839861	addons.xpi	DEBUG	Registering manifest for /Applications/Firefox.app/Contents/Resources/browser/features/screenshots@mozilla.org.xpi
1522475839862	addons.xpi	DEBUG	Calling bootstrap method startup on screenshots@mozilla.org version 19.2.0
1522475839862	addons.xpi	DEBUG	Registering manifest for /Applications/Firefox.app/Contents/Resources/browser/features/shield-recipe-client@mozilla.org.xpi
1522475839863	addons.xpi	DEBUG	Calling bootstrap method startup on shield-recipe-client@mozilla.org version 76.1
1522475839882	addons.xpi	DEBUG	Registering manifest for /Applications/Firefox.app/Contents/Resources/browser/features/webcompat@mozilla.org.xpi
1522475839883	addons.xpi	DEBUG	Calling bootstrap method startup on webcompat@mozilla.org version 1.1
1522475839889	addons.manager	DEBUG	Registering shutdown blocker for XPIProvider
1522475839889	addons.manager	DEBUG	Provider finished startup: XPIProvider
1522475839889	addons.manager	DEBUG	Starting provider: LightweightThemeManager
1522475839889	addons.manager	DEBUG	Registering shutdown blocker for LightweightThemeManager
1522475839889	addons.manager	DEBUG	Provider finished startup: LightweightThemeManager
1522475839890	addons.manager	DEBUG	Starting provider: GMPProvider
1522475839896	addons.manager	DEBUG	Registering shutdown blocker for GMPProvider
1522475839896	addons.manager	DEBUG	Provider finished startup: GMPProvider
1522475839896	addons.manager	DEBUG	Starting provider: PluginProvider
1522475839896	addons.manager	DEBUG	Registering shutdown blocker for PluginProvider
1522475839897	addons.manager	DEBUG	Provider finished startup: PluginProvider
1522475839898	addons.manager	DEBUG	Completed startup sequence
1522475840052	Marionette	INFO	Enabled via --marionette
1522475840431	addons.manager	DEBUG	Starting provider: PreviousExperimentProvider
1522475840432	addons.manager	DEBUG	Registering shutdown blocker for PreviousExperimentProvider
1522475840434	addons.manager	DEBUG	Provider finished startup: PreviousExperimentProvider
1522475840777	DeferredSave.extensions.json	DEBUG	Starting write
1522475841841	DeferredSave.webext.sc.lz4	DEBUG	Save changes
1522475841841	DeferredSave.webext.sc.lz4	DEBUG	Starting timer
1522475841857	DeferredSave.extensions.json	DEBUG	Write succeeded
1522475841858	addons.xpi-utils	DEBUG	XPI Database saved, setting schema version preference to 23
1522475841864	DeferredSave.webext.sc.lz4	DEBUG	Save changes
1522475841924	DeferredSave.webext.sc.lz4	DEBUG	Save changes
1522475841925	DeferredSave.webext.sc.lz4	DEBUG	Save changes
1522475841926	DeferredSave.webext.sc.lz4	DEBUG	Save changes
1522475841927	DeferredSave.webext.sc.lz4	DEBUG	Save changes
1522475841929	DeferredSave.webext.sc.lz4	DEBUG	Save changes
1522475841931	DeferredSave.webext.sc.lz4	DEBUG	Save changes
1522475841935	DeferredSave.webext.sc.lz4	DEBUG	Save changes
1522475841937	DeferredSave.webext.sc.lz4	DEBUG	Save changes
1522475841939	DeferredSave.webext.sc.lz4	DEBUG	Save changes
15224758412018-03-31 01:57:21.940 plugin-container[4643:262204] *** CFMessagePort: bootstrap_register(): failed 1100 (0940	x44c) 'PermisDefesionrredSave.webext.sc.lz4	DEBUG	Save changes
 denied', port = 0x9b53, name = 'com.apple.tsm.portname'
See /usr/include/servers/bootstrap_defs.h for the error codes.
1522475841944	DeferredSave.webext.sc.lz4	DEBUG	Save changes
1522475841946	DeferredSave.webext.sc.lz4	DEBUG	Save changes
1522475841947	DeferredSave.webext.sc.lz4	DEBUG	Save changes
1522475841948	DeferredSave.webext.sc.lz4	DEBUG	Save changes
1522475841950	DeferredSave.webext.sc.lz4	DEBUG	Save changes
1522475841967	DeferredSave.webext.sc.lz4	DEBUG	Save changes
1522475841969	DeferredSave.webext.sc.lz4	DEBUG	Save changes
1522475841972	DeferredSave.webext.sc.lz4	DEBUG	Save changes
1522475841974	DeferredSave.webext.sc.lz4	DEBUG	Save changes
1522475841975	DeferredSave.webext.sc.lz4	DEBUG	Save changes
1522475841976	DeferredSave.webext.sc.lz4	DEBUG	Save changes
1522475841977	DeferredSave.webext.sc.lz4	DEBUG	Save changes
1522475841982	DeferredSave.webext.sc.lz4	DEBUG	Save changes
1522475841984	DeferredSave.webext.sc.lz4	DEBUG	Save changes
1522475841986	DeferredSave.webext.sc.lz4	DEBUG	Save changes
1522475841987	DeferredSave.webext.sc.lz4	DEBUG	Save changes
1522475841989	DeferredSave.webext.sc.lz4	DEBUG	Save changes
1522475841990	DeferredSave.webext.sc.lz4	DEBUG	Save changes
1522475841991	DeferredSave.webext.sc.lz4	DEBUG	Save changes
1522475841992	DeferredSave.webext.sc.lz4	DEBUG	Save changes
1522475841995	DeferredSave.webext.sc.lz4	DEBUG	Save changes
1522475841996	DeferredSave.webext.sc.lz4	DEBUG	Save changes
1522475841998	DeferredSave.webext.sc.lz4	DEBUG	Save changes
1522475842000	DeferredSave.webext.sc.lz4	DEBUG	Save changes
1522475842001	DeferredSave.webext.sc.lz4	DEBUG	Save changes
1522475842003	DeferredSave.webext.sc.lz4	DEBUG	Save changes
1522475842007	DeferredSave.webext.sc.lz4	DEBUG	Save changes
1522475842018	DeferredSave.webext.sc.lz4	DEBUG	Save changes
1522475842019	DeferredSave.webext.sc.lz4	DEBUG	Save changes
1522475842022	DeferredSave.webext.sc.lz4	DEBUG	Save changes
1522475842032	DeferredSave.webext.sc.lz4	DEBUG	Save changes
1522475842035	DeferredSave.webext.sc.lz4	DEBUG	Save changes
1522475842038	DeferredSave.webext.sc.lz4	DEBUG	Save changes
1522475842042	DeferredSave.webext.sc.lz4	DEBUG	Save changes
1522475842044	DeferredSave.webext.sc.lz4	DEBUG	Save changes
1522475842046	DeferredSave.webext.sc.lz4	DEBUG	Save changes
1522475842048	DeferredSave.webext.sc.lz4	DEBUG	Save changes
1522475842054	DeferredSave.webext.sc.lz4	DEBUG	Save changes
1522475842055	DeferredSave.webext.sc.lz4	DEBUG	Save changes
1522475842059	DeferredSave.webext.sc.lz4	DEBUG	Save changes
1522475842086	DeferredSave.webext.sc.lz4	DEBUG	Save changes
1522475842162	DeferredSave.webext.sc.lz4	DEBUG	Save changes
1522475842165	DeferredSave.webext.sc.lz4	DEBUG	Save changes
1522475842346	addons.xpi	INFO	Mapping aushelper@mozilla.org to /Applications/Firefox.app/Contents/Resources/browser/features/aushelper@mozilla.org.xpi
1522475842347	addons.xpi	INFO	Mapping formautofill@mozilla.org to /Applications/Firefox.app/Contents/Resources/browser/features/formautofill@mozilla.org.xpi
1522475842348	addons.xpi	INFO	Mapping firefox@getpocket.com to /Applications/Firefox.app/Contents/Resources/browser/features/firefox@getpocket.com.xpi
1522475842349	addons.xpi	INFO	Mapping screenshots@mozilla.org to /Applications/Firefox.app/Contents/Resources/browser/features/screenshots@mozilla.org.xpi
1522475842350	addons.xpi	INFO	Mapping activity-stream@mozilla.org to /Applications/Firefox.app/Contents/Resources/browser/features/activity-stream@mozilla.org.xpi
1522475842350	addons.xpi	INFO	Mapping shield-recipe-client@mozilla.org to /Applications/Firefox.app/Contents/Resources/browser/features/shield-recipe-client@mozilla.org.xpi
1522475842350	addons.xpi	INFO	Mapping webcompat@mozilla.org to /Applications/Firefox.app/Contents/Resources/browser/features/webcompat@mozilla.org.xpi
1522475842351	addons.xpi	INFO	Mapping e10srollout@mozilla.org to /Applications/Firefox.app/Contents/Resources/browser/features/e10srollout@mozilla.org.xpi
1522475842351	addons.xpi	INFO	Mapping onboarding@mozilla.org to /Applications/Firefox.app/Contents/Resources/browser/features/onboarding@mozilla.org.xpi
1522475842351	addons.xpi	INFO	Mapping followonsearch@mozilla.com to /Applications/Firefox.app/Contents/Resources/browser/features/followonsearch@mozilla.com.xpi
1522475842356	addons.xpi	DEBUG	Existing add-on aushelper@mozilla.org in app-system-defaults
1522475842357	addons.xpi	DEBUG	Existing add-on formautofill@mozilla.org in app-system-defaults
1522475842358	addons.xpi	DEBUG	Existing add-on firefox@getpocket.com in app-system-defaults
1522475842358	addons.xpi	DEBUG	Existing add-on screenshots@mozilla.org in app-system-defaults
1522475842359	addons.xpi	DEBUG	Existing add-on activity-stream@mozilla.org in app-system-defaults
1522475842360	addons.xpi	DEBUG	Existing add-on shield-recipe-client@mozilla.org in app-system-defaults
1522475842360	addons.xpi	DEBUG	Existing add-on webcompat@mozilla.org in app-system-defaults
1522475842361	addons.xpi	DEBUG	Existing add-on e10srollout@mozilla.org in app-system-defaults
1522475842362	addons.xpi	DEBUG	Existing add-on onboarding@mozilla.org in app-system-defaults
1522475842362	addons.xpi	DEBUG	Existing add-on followonsearch@mozilla.com in app-system-defaults
1522475842363	addons.xpi	INFO	Mapping {972ce4c6-7e08-4474-a285-3208198ce6fd} to /Applications/Firefox.app/Contents/Resources/browser/extensions/{972ce4c6-7e08-4474-a285-3208198ce6fd}.xpi
1522475842365	addons.xpi	DEBUG	Existing add-on {972ce4c6-7e08-4474-a285-3208198ce6fd} in app-global
1522475842365	addons.xpi	DEBUG	getInstallState changed: false, state: {}
1522475842728	Marionette	INFO	Listening on port 53800
1522475842892	Marionette	DEBUG	Register listener.js for window 2147483649
Mar 31, 2018 1:57:22 AM org.openqa.selenium.remote.ProtocolHandshake createSession
INFO: Detected dialect: W3C
]]></system-err>
  </testcase>
  <testcase name="TearDownSuite" classname="com.mplatform.test.minsights.FirstDemoTest" time="0.719">
    <failure type="java.lang.NullPointerException">java.lang.NullPointerException
</failure>
    <system-err><![CDATA[1522475843954	addons.xpi	DEBUG	Calling bootstrap method shutdown on webcompat@mozilla.org version 1.1
1522475843956	addons.xpi	DEBUG	Calling bootstrap method shutdown on shield-recipe-client@mozilla.org version 76.1
1522475843957	addons.xpi	DEBUG	Calling bootstrap method shutdown on screenshots@mozilla.org version 19.2.0
1522475843970	addons.xpi	DEBUG	Calling bootstrap method shutdown on onboarding@mozilla.org version 1.0
1522475843971	addons.xpi	DEBUG	Calling bootstrap method shutdown on formautofill@mozilla.org version 1.0
1522475843972	addons.xpi	DEBUG	Calling bootstrap method shutdown on followonsearch@mozilla.com version 0.9.6
1522475843973	addons.xpi	DEBUG	Calling bootstrap method shutdown on firefox@getpocket.com version 1.0.5
1522475843973	addons.xpi	DEBUG	Calling bootstrap method shutdown on e10srollout@mozilla.org version 3.05
1522475843975	addons.xpi	DEBUG	Calling bootstrap method shutdown on aushelper@mozilla.org version 2.0
1522475843977	addons.xpi	DEBUG	Calling bootstrap method shutdown on activity-stream@mozilla.org version 2017.11.07.1100-7f4e3634
]]></system-err>
  </testcase>
</testsuite>