-------------------------------------------------------------------------------
Test set: TestSuite
-------------------------------------------------------------------------------
Tests run: 3, Failures: 1, Errors: 0, Skipped: 2, Time elapsed: 0.901 sec <<< FAILURE! - in TestSuite
LaunchBrowser(com.mplatform.test.minsights.FirstDemoTest)  Time elapsed: 0.462 sec  <<< FAILURE!
java.lang.NullPointerException

